[2017-04-13 15:09:46,062] multiqc                                            [DEBUG  ]  No MultiQC config found: /Users/greg/miniconda3/lib/python3.5/site-packages/multiqc_config.yaml
[2017-04-13 15:09:46,062] multiqc                                            [DEBUG  ]  No MultiQC config found: /Users/greg/.multiqc_config.yaml
[2017-04-13 15:09:46,062] multiqc                                            [DEBUG  ]  No MultiQC config found: multiqc_config.yaml
[2017-04-13 15:09:46,063] multiqc                                            [DEBUG  ]  Command used: /Users/greg/miniconda3/bin/multiqc .
[2017-04-13 15:09:46,612] multiqc                                            [INFO   ]  This is MultiQC v0.9
[2017-04-13 15:09:46,613] multiqc                                            [DEBUG  ]  Command     : /Users/greg/miniconda3/bin/multiqc .
[2017-04-13 15:09:46,613] multiqc                                            [DEBUG  ]  Working dir : /Users/greg/repos/pdx_exomeseq
[2017-04-13 15:09:46,613] multiqc                                            [INFO   ]  Template    : default
[2017-04-13 15:09:46,614] multiqc                                            [INFO   ]  Searching '.'
[2017-04-13 15:09:46,614] multiqc                                            [DEBUG  ]  Analysing modules: gatk, htseq, custom_content, peddy, quast, snpeff, qualimap, bcftools, featureCounts, methylQA, rseqc, picard, preseq, prokka, samblaster, samtools, bamtools, bismark, hicup, salmon, kallisto, slamdunk, star, tophat, bowtie2, bowtie1, cutadapt, trimmomatic, skewer, fastq_screen, fastqc
[2017-04-13 15:09:46,614] multiqc                                            [DEBUG  ]  Using temporary directory for creating report: /var/folders/nm/mkh4m6vn2svdfswqyd1mnjn80000gn/T/tmpx09dwzqj
[2017-04-13 15:09:46,635] multiqc                                            [DEBUG  ]  Ignoring file as too large: pack-b3d9a9de0eaa291d3bfde461e3bfbefe7932c142.pack
[2017-04-13 15:09:47,427] multiqc.modules.gatk.gatk                          [DEBUG  ]  Could not find any reports in ('.',)
[2017-04-13 15:09:47,660] multiqc.modules.htseq.htseq                        [DEBUG  ]  Could not find any reports in ('.',)
[2017-04-13 15:09:47,737] multiqc.modules.custom_content.custom_content      [DEBUG  ]  No custom content found
[2017-04-13 15:09:47,993] multiqc.modules.peddy.peddy                        [DEBUG  ]  Could not find any reports in ('.',)
[2017-04-13 15:09:48,071] multiqc.modules.quast.quast                        [DEBUG  ]  Could not find any reports in ('.',)
[2017-04-13 15:09:48,309] multiqc.modules.snpeff.snpeff                      [DEBUG  ]  Could not find any data in ('.',)
[2017-04-13 15:09:48,318] multiqc.modules.qualimap.QM_BamQC                  [DEBUG  ]  Using default Qualimap thresholds: 1, 5, 10, 30, 50
[2017-04-13 15:09:48,715] multiqc.modules.qualimap.qualimap                  [DEBUG  ]  Could not find any reports in ('.',)
[2017-04-13 15:09:48,936] multiqc.modules.bcftools.bcftools                  [DEBUG  ]  Could not find any reports in ('.',)
[2017-04-13 15:09:49,008] multiqc.modules.featureCounts.feature_counts       [DEBUG  ]  Could not find any reports in ('.',)
[2017-04-13 15:09:49,076] multiqc.modules.methylQA.methylQA                  [DEBUG  ]  Could not find any reports in ('.',)
[2017-04-13 15:09:50,296] multiqc.modules.rseqc.rseqc                        [DEBUG  ]  Could not find any reports in ('.',)
[2017-04-13 15:09:52,101] multiqc.modules.picard.picard                      [DEBUG  ]  Could not find any reports in ('.',)
[2017-04-13 15:09:52,373] multiqc.modules.preseq.preseq                      [DEBUG  ]  Could not find any preseq data in ('.',)
[2017-04-13 15:09:52,618] multiqc.modules.prokka.prokka                      [DEBUG  ]  Could not find any Prokka data in ('.',)
[2017-04-13 15:09:52,852] multiqc.modules.samblaster.samblaster              [DEBUG  ]  Could not find any data in ('.',)
[2017-04-13 15:09:53,593] multiqc.modules.samtools.samtools                  [DEBUG  ]  Could not find any reports in ('.',)
[2017-04-13 15:09:53,821] multiqc.modules.bamtools.bamtools                  [DEBUG  ]  Could not find any reports in ('.',)
[2017-04-13 15:09:54,147] multiqc.modules.bismark.bismark                    [DEBUG  ]  Could not find any reports in ('.',)
[2017-04-13 15:09:54,218] multiqc.modules.hicup.hicup                        [DEBUG  ]  Could not find any HiCUP data in ('.',)
[2017-04-13 15:09:54,359] multiqc.modules.salmon.salmon                      [DEBUG  ]  Could not find any Salmon data in ('.',)
[2017-04-13 15:09:54,589] multiqc.modules.kallisto.kallisto                  [DEBUG  ]  Could not find any reports in ('.',)
[2017-04-13 15:09:55,954] multiqc.modules.slamdunk.slamdunk                  [DEBUG  ]  No slamdunk reports found.
[2017-04-13 15:09:56,088] multiqc.modules.star.star                          [DEBUG  ]  Could not find any reports in ('.',)
[2017-04-13 15:09:56,162] multiqc.modules.tophat.tophat                      [DEBUG  ]  Could not find any reports in ('.',)
[2017-04-13 15:09:56,397] multiqc.modules.bowtie2.bowtie2                    [DEBUG  ]  Could not find any reports in ('.',)
[2017-04-13 15:09:56,632] multiqc.modules.bowtie1.bowtie1                    [DEBUG  ]  Could not find any reports in ('.',)
[2017-04-13 15:09:56,875] multiqc.modules.cutadapt.cutadapt                  [DEBUG  ]  Could not find any reports in ('.',)
[2017-04-13 15:09:57,108] multiqc.modules.trimmomatic.trimmomatic            [DEBUG  ]  Could not find any Trimmomatic data in ('.',)
[2017-04-13 15:09:57,341] multiqc.modules.skewer.skewer                      [DEBUG  ]  Could not find any data in ('.',)
[2017-04-13 15:09:57,417] multiqc.modules.fastq_screen.fastq_screen          [DEBUG  ]  Could not find any reports in ('.',)
[2017-04-13 15:09:58,395] multiqc.modules.fastqc.fastqc                      [INFO   ]  Found 240 reports
[2017-04-13 15:10:08,981] multiqc.modules.fastqc.fastqc                      [DEBUG  ]  adapter_content not found in FastQC reports
[2017-04-13 15:10:09,005] multiqc                                            [INFO   ]  Report      : multiqc_report.html
[2017-04-13 15:10:09,006] multiqc                                            [INFO   ]  Data        : multiqc_data
[2017-04-13 15:10:09,006] multiqc                                            [DEBUG  ]  Moving data file from '/var/folders/nm/mkh4m6vn2svdfswqyd1mnjn80000gn/T/tmpx09dwzqj/multiqc_data/mqc_fastqc_per_base_n_content_plot_1.txt' to '/Users/greg/repos/pdx_exomeseq/multiqc_data'
[2017-04-13 15:10:09,006] multiqc                                            [DEBUG  ]  Moving data file from '/var/folders/nm/mkh4m6vn2svdfswqyd1mnjn80000gn/T/tmpx09dwzqj/multiqc_data/mqc_fastqc_per_base_sequence_quality_plot_1.txt' to '/Users/greg/repos/pdx_exomeseq/multiqc_data'
[2017-04-13 15:10:09,006] multiqc                                            [DEBUG  ]  Moving data file from '/var/folders/nm/mkh4m6vn2svdfswqyd1mnjn80000gn/T/tmpx09dwzqj/multiqc_data/mqc_fastqc_per_sequence_gc_content_plot_Counts.txt' to '/Users/greg/repos/pdx_exomeseq/multiqc_data'
[2017-04-13 15:10:09,007] multiqc                                            [DEBUG  ]  Moving data file from '/var/folders/nm/mkh4m6vn2svdfswqyd1mnjn80000gn/T/tmpx09dwzqj/multiqc_data/mqc_fastqc_per_sequence_gc_content_plot_Percentages.txt' to '/Users/greg/repos/pdx_exomeseq/multiqc_data'
[2017-04-13 15:10:09,007] multiqc                                            [DEBUG  ]  Moving data file from '/var/folders/nm/mkh4m6vn2svdfswqyd1mnjn80000gn/T/tmpx09dwzqj/multiqc_data/mqc_fastqc_per_sequence_quality_scores_plot_1.txt' to '/Users/greg/repos/pdx_exomeseq/multiqc_data'
[2017-04-13 15:10:09,007] multiqc                                            [DEBUG  ]  Moving data file from '/var/folders/nm/mkh4m6vn2svdfswqyd1mnjn80000gn/T/tmpx09dwzqj/multiqc_data/mqc_fastqc_sequence_duplication_levels_plot_1.txt' to '/Users/greg/repos/pdx_exomeseq/multiqc_data'
[2017-04-13 15:10:09,007] multiqc                                            [DEBUG  ]  Moving data file from '/var/folders/nm/mkh4m6vn2svdfswqyd1mnjn80000gn/T/tmpx09dwzqj/multiqc_data/mqc_fastqc_sequence_length_distribution_plot_1.txt' to '/Users/greg/repos/pdx_exomeseq/multiqc_data'
[2017-04-13 15:10:09,007] multiqc                                            [DEBUG  ]  Moving data file from '/var/folders/nm/mkh4m6vn2svdfswqyd1mnjn80000gn/T/tmpx09dwzqj/multiqc_data/multiqc_fastqc.txt' to '/Users/greg/repos/pdx_exomeseq/multiqc_data'
[2017-04-13 15:10:09,007] multiqc                                            [DEBUG  ]  Moving data file from '/var/folders/nm/mkh4m6vn2svdfswqyd1mnjn80000gn/T/tmpx09dwzqj/multiqc_data/multiqc_general_stats.txt' to '/Users/greg/repos/pdx_exomeseq/multiqc_data'
[2017-04-13 15:10:09,008] multiqc                                            [DEBUG  ]  Moving data file from '/var/folders/nm/mkh4m6vn2svdfswqyd1mnjn80000gn/T/tmpx09dwzqj/multiqc_data/multiqc_sources.txt' to '/Users/greg/repos/pdx_exomeseq/multiqc_data'
[2017-04-13 15:10:09,197] multiqc                                            [INFO   ]  MultiQC complete
