[2017-11-08 21:49:42,518] multiqc                                            [DEBUG  ]  No MultiQC config found: /ihome/gway/.conda/envs/pdx-exomeseq/lib/python2.7/site-packages/multiqc-1.0.dev0-py2.7.egg/multiqc_config.yaml
[2017-11-08 21:49:42,519] multiqc                                            [DEBUG  ]  No MultiQC config found: /ihome/gway/.multiqc_config.yaml
[2017-11-08 21:49:42,519] multiqc                                            [DEBUG  ]  No MultiQC config found: multiqc_config.yaml
[2017-11-08 21:49:42,519] multiqc                                            [DEBUG  ]  Command used: /ihome/gway/.conda/envs/pdx-exomeseq/bin/multiqc results/fastqc_raw
[2017-11-08 21:49:42,519] multiqc                                            [DEBUG  ]  Could not connect to multiqc.info for version check
[2017-11-08 21:49:42,519] multiqc                                            [INFO   ]  This is MultiQC v1.0.dev0
[2017-11-08 21:49:42,519] multiqc                                            [DEBUG  ]  Command     : /ihome/gway/.conda/envs/pdx-exomeseq/bin/multiqc results/fastqc_raw
[2017-11-08 21:49:42,519] multiqc                                            [DEBUG  ]  Working dir : /lorax/sanchezlab/shared/pdx_exomeseq
[2017-11-08 21:49:42,519] multiqc                                            [INFO   ]  Template    : default
[2017-11-08 21:49:42,520] multiqc                                            [INFO   ]  Searching 'results/fastqc_raw'
[2017-11-08 21:49:42,520] multiqc                                            [DEBUG  ]  Analysing modules: custom_content, peddy, methylQA, qualimap, preseq, quast, rseqc, busco, goleft_indexcov, snpeff, gatk, htseq, bcftools, featureCounts, picard, prokka, samblaster, samtools, bamtools, bismark, hicup, salmon, kallisto, slamdunk, star, tophat, bowtie2, bowtie1, cutadapt, trimmomatic, skewer, fastq_screen, fastqc, clusterflow
[2017-11-08 21:49:42,521] multiqc                                            [DEBUG  ]  Using temporary directory for creating report: /tmp/tmpJGm8l3
[2017-11-08 21:50:00,677] multiqc.modules.custom_content.custom_content      [DEBUG  ]  No custom content found
[2017-11-08 21:50:00,930] multiqc.modules.peddy.peddy                        [DEBUG  ]  Could not find any reports in ('results/fastqc_raw',)
[2017-11-08 21:50:01,064] multiqc.modules.methylQA.methylQA                  [DEBUG  ]  Could not find any reports in ('results/fastqc_raw',)
[2017-11-08 21:50:01,194] multiqc.modules.qualimap.QM_BamQC                  [DEBUG  ]  Using default Qualimap thresholds: 1, 5, 10, 30, 50
[2017-11-08 21:50:01,448] multiqc.modules.qualimap.qualimap                  [DEBUG  ]  Could not find any reports in ('results/fastqc_raw',)
[2017-11-08 21:50:29,704] multiqc.modules.preseq.preseq                      [DEBUG  ]  Could not find any preseq data in ('results/fastqc_raw',)
[2017-11-08 21:50:29,842] multiqc.modules.quast.quast                        [DEBUG  ]  Could not find any reports in ('results/fastqc_raw',)
[2017-11-08 21:50:36,432] multiqc.modules.rseqc.rseqc                        [DEBUG  ]  Could not find any reports in ('results/fastqc_raw',)
[2017-11-08 21:50:36,558] multiqc.modules.busco.busco                        [DEBUG  ]  Could not find any reports in ('results/fastqc_raw',)
[2017-11-08 21:50:36,695] multiqc.modules.goleft_indexcov.goleft_indexcov    [DEBUG  ]  Did not find goleft indexcov outputs in ('results/fastqc_raw',)
[2017-11-08 21:50:38,410] multiqc.modules.snpeff.snpeff                      [DEBUG  ]  Could not find any data in ('results/fastqc_raw',)
[2017-11-08 21:50:40,014] multiqc.modules.gatk.gatk                          [DEBUG  ]  Could not find any reports in ('results/fastqc_raw',)
[2017-11-08 21:50:42,211] multiqc.modules.htseq.htseq                        [DEBUG  ]  Could not find any reports in ('results/fastqc_raw',)
[2017-11-08 21:50:43,678] multiqc.modules.bcftools.bcftools                  [DEBUG  ]  Could not find any reports in ('results/fastqc_raw',)
[2017-11-08 21:50:43,774] multiqc.modules.featureCounts.feature_counts       [DEBUG  ]  Could not find any reports in ('results/fastqc_raw',)
[2017-11-08 21:50:59,327] multiqc.modules.picard.picard                      [DEBUG  ]  Could not find any reports in ('results/fastqc_raw',)
[2017-11-08 21:50:59,457] multiqc.modules.prokka.prokka                      [DEBUG  ]  Could not find any Prokka data in ('results/fastqc_raw',)
[2017-11-08 21:51:01,849] multiqc.modules.samblaster.samblaster              [DEBUG  ]  Could not find any data in ('results/fastqc_raw',)
[2017-11-08 21:51:06,081] multiqc.modules.samtools.samtools                  [DEBUG  ]  Could not find any reports in ('results/fastqc_raw',)
[2017-11-08 21:51:08,493] multiqc.modules.bamtools.bamtools                  [DEBUG  ]  Could not find any reports in ('results/fastqc_raw',)
[2017-11-08 21:51:08,772] multiqc.modules.bismark.bismark                    [DEBUG  ]  Could not find any reports in ('results/fastqc_raw',)
[2017-11-08 21:51:08,913] multiqc.modules.hicup.hicup                        [DEBUG  ]  Could not find any HiCUP data in ('results/fastqc_raw',)
[2017-11-08 21:51:09,095] multiqc.modules.salmon.salmon                      [DEBUG  ]  Could not find any Salmon data in ('results/fastqc_raw',)
[2017-11-08 21:51:10,655] multiqc.modules.kallisto.kallisto                  [DEBUG  ]  Could not find any reports in ('results/fastqc_raw',)
[2017-11-08 21:51:19,929] multiqc.modules.slamdunk.slamdunk                  [DEBUG  ]  No slamdunk reports found.
[2017-11-08 21:51:20,177] multiqc.modules.star.star                          [DEBUG  ]  Could not find any reports in ('results/fastqc_raw',)
[2017-11-08 21:51:20,362] multiqc.modules.tophat.tophat                      [DEBUG  ]  Could not find any reports in ('results/fastqc_raw',)
[2017-11-08 21:51:23,104] multiqc.modules.bowtie2.bowtie2                    [DEBUG  ]  Could not find any reports in ('results/fastqc_raw',)
[2017-11-08 21:51:24,571] multiqc.modules.bowtie1.bowtie1                    [DEBUG  ]  Could not find any reports in ('results/fastqc_raw',)
[2017-11-08 21:51:25,983] multiqc.modules.cutadapt.cutadapt                  [DEBUG  ]  Could not find any reports in ('results/fastqc_raw',)
[2017-11-08 21:51:27,456] multiqc.modules.trimmomatic.trimmomatic            [DEBUG  ]  Could not find any Trimmomatic data in ('results/fastqc_raw',)
[2017-11-08 21:51:29,996] multiqc.modules.skewer.skewer                      [DEBUG  ]  Could not find any data in ('results/fastqc_raw',)
[2017-11-08 21:51:30,135] multiqc.modules.fastq_screen.fastq_screen          [DEBUG  ]  Could not find any reports in ('results/fastqc_raw',)
[2017-11-08 21:52:42,289] multiqc.modules.fastqc.fastqc                      [INFO   ]  Found 240 reports
[2017-11-08 21:53:10,571] multiqc.modules.clusterflow.clusterflow            [DEBUG  ]  Could not find any reports in ('results/fastqc_raw',)
[2017-11-08 21:53:10,598] multiqc                                            [INFO   ]  Report      : multiqc_report.html
[2017-11-08 21:53:10,613] multiqc                                            [INFO   ]  Data        : multiqc_data
[2017-11-08 21:53:10,613] multiqc                                            [DEBUG  ]  Moving data file from '/tmp/tmpJGm8l3/multiqc_data/mqc_fastqc_sequence_length_distribution_plot_1.txt' to '/lorax/sanchezlab/shared/pdx_exomeseq/multiqc_data'
[2017-11-08 21:53:10,626] multiqc                                            [DEBUG  ]  Moving data file from '/tmp/tmpJGm8l3/multiqc_data/mqc_fastqc_sequence_duplication_levels_plot_1.txt' to '/lorax/sanchezlab/shared/pdx_exomeseq/multiqc_data'
[2017-11-08 21:53:10,650] multiqc                                            [DEBUG  ]  Moving data file from '/tmp/tmpJGm8l3/multiqc_data/multiqc_general_stats.txt' to '/lorax/sanchezlab/shared/pdx_exomeseq/multiqc_data'
[2017-11-08 21:53:10,676] multiqc                                            [DEBUG  ]  Moving data file from '/tmp/tmpJGm8l3/multiqc_data/mqc_fastqc_per_base_sequence_quality_plot_1.txt' to '/lorax/sanchezlab/shared/pdx_exomeseq/multiqc_data'
[2017-11-08 21:53:10,686] multiqc                                            [DEBUG  ]  Moving data file from '/tmp/tmpJGm8l3/multiqc_data/multiqc_fastqc.txt' to '/lorax/sanchezlab/shared/pdx_exomeseq/multiqc_data'
[2017-11-08 21:53:10,697] multiqc                                            [DEBUG  ]  Moving data file from '/tmp/tmpJGm8l3/multiqc_data/mqc_fastqc_per_sequence_quality_scores_plot_1.txt' to '/lorax/sanchezlab/shared/pdx_exomeseq/multiqc_data'
[2017-11-08 21:53:10,714] multiqc                                            [DEBUG  ]  Moving data file from '/tmp/tmpJGm8l3/multiqc_data/mqc_fastqc_per_sequence_gc_content_plot_Percentages.txt' to '/lorax/sanchezlab/shared/pdx_exomeseq/multiqc_data'
[2017-11-08 21:53:10,737] multiqc                                            [DEBUG  ]  Moving data file from '/tmp/tmpJGm8l3/multiqc_data/mqc_fastqc_per_sequence_gc_content_plot_Counts.txt' to '/lorax/sanchezlab/shared/pdx_exomeseq/multiqc_data'
[2017-11-08 21:53:10,756] multiqc                                            [DEBUG  ]  Moving data file from '/tmp/tmpJGm8l3/multiqc_data/multiqc_sources.txt' to '/lorax/sanchezlab/shared/pdx_exomeseq/multiqc_data'
[2017-11-08 21:53:10,772] multiqc                                            [DEBUG  ]  Moving data file from '/tmp/tmpJGm8l3/multiqc_data/mqc_fastqc_per_base_n_content_plot_1.txt' to '/lorax/sanchezlab/shared/pdx_exomeseq/multiqc_data'
[2017-11-08 21:53:11,833] multiqc                                            [INFO   ]  MultiQC complete
