[2017-04-13 22:13:09,477] multiqc                                            [DEBUG  ]  No MultiQC config found: /Users/greg/miniconda3/lib/python3.5/site-packages/multiqc_config.yaml
[2017-04-13 22:13:09,477] multiqc                                            [DEBUG  ]  No MultiQC config found: /Users/greg/.multiqc_config.yaml
[2017-04-13 22:13:09,477] multiqc                                            [DEBUG  ]  No MultiQC config found: multiqc_config.yaml
[2017-04-13 22:13:09,477] multiqc                                            [DEBUG  ]  Command used: /Users/greg/miniconda3/bin/multiqc data/trimmed/ --outdir trimmed_report
[2017-04-13 22:13:09,958] multiqc                                            [INFO   ]  This is MultiQC v0.9
[2017-04-13 22:13:09,958] multiqc                                            [DEBUG  ]  Command     : /Users/greg/miniconda3/bin/multiqc data/trimmed/ --outdir trimmed_report
[2017-04-13 22:13:09,958] multiqc                                            [DEBUG  ]  Working dir : /Users/greg/repos/pdx_exomeseq
[2017-04-13 22:13:09,959] multiqc                                            [INFO   ]  Template    : default
[2017-04-13 22:13:09,959] multiqc                                            [INFO   ]  Searching 'data/trimmed/'
[2017-04-13 22:13:09,959] multiqc                                            [DEBUG  ]  Analysing modules: gatk, htseq, custom_content, peddy, quast, snpeff, qualimap, bcftools, featureCounts, methylQA, rseqc, picard, preseq, prokka, samblaster, samtools, bamtools, bismark, hicup, salmon, kallisto, slamdunk, star, tophat, bowtie2, bowtie1, cutadapt, trimmomatic, skewer, fastq_screen, fastqc
[2017-04-13 22:13:09,960] multiqc                                            [DEBUG  ]  Using temporary directory for creating report: /var/folders/nm/mkh4m6vn2svdfswqyd1mnjn80000gn/T/tmp58gwyttt
[2017-04-13 22:13:10,449] multiqc.modules.gatk.gatk                          [DEBUG  ]  Could not find any reports in ('data/trimmed/',)
[2017-04-13 22:13:10,615] multiqc.modules.htseq.htseq                        [DEBUG  ]  Could not find any reports in ('data/trimmed/',)
[2017-04-13 22:13:10,700] multiqc.modules.custom_content.custom_content      [DEBUG  ]  No custom content found
[2017-04-13 22:13:10,963] multiqc.modules.peddy.peddy                        [DEBUG  ]  Could not find any reports in ('data/trimmed/',)
[2017-04-13 22:13:11,036] multiqc.modules.quast.quast                        [DEBUG  ]  Could not find any reports in ('data/trimmed/',)
[2017-04-13 22:13:11,202] multiqc.modules.snpeff.snpeff                      [DEBUG  ]  Could not find any data in ('data/trimmed/',)
[2017-04-13 22:13:11,213] multiqc.modules.qualimap.QM_BamQC                  [DEBUG  ]  Using default Qualimap thresholds: 1, 5, 10, 30, 50
[2017-04-13 22:13:11,587] multiqc.modules.qualimap.qualimap                  [DEBUG  ]  Could not find any reports in ('data/trimmed/',)
[2017-04-13 22:13:11,760] multiqc.modules.bcftools.bcftools                  [DEBUG  ]  Could not find any reports in ('data/trimmed/',)
[2017-04-13 22:13:11,826] multiqc.modules.featureCounts.feature_counts       [DEBUG  ]  Could not find any reports in ('data/trimmed/',)
[2017-04-13 22:13:11,900] multiqc.modules.methylQA.methylQA                  [DEBUG  ]  Could not find any reports in ('data/trimmed/',)
[2017-04-13 22:13:12,872] multiqc.modules.rseqc.rseqc                        [DEBUG  ]  Could not find any reports in ('data/trimmed/',)
[2017-04-13 22:13:14,169] multiqc.modules.picard.picard                      [DEBUG  ]  Could not find any reports in ('data/trimmed/',)
[2017-04-13 22:13:14,358] multiqc.modules.preseq.preseq                      [DEBUG  ]  Could not find any preseq data in ('data/trimmed/',)
[2017-04-13 22:13:14,540] multiqc.modules.prokka.prokka                      [DEBUG  ]  Could not find any Prokka data in ('data/trimmed/',)
[2017-04-13 22:13:14,718] multiqc.modules.samblaster.samblaster              [DEBUG  ]  Could not find any data in ('data/trimmed/',)
[2017-04-13 22:13:15,282] multiqc.modules.samtools.samtools                  [DEBUG  ]  Could not find any reports in ('data/trimmed/',)
[2017-04-13 22:13:15,456] multiqc.modules.bamtools.bamtools                  [DEBUG  ]  Could not find any reports in ('data/trimmed/',)
[2017-04-13 22:13:15,786] multiqc.modules.bismark.bismark                    [DEBUG  ]  Could not find any reports in ('data/trimmed/',)
[2017-04-13 22:13:15,857] multiqc.modules.hicup.hicup                        [DEBUG  ]  Could not find any HiCUP data in ('data/trimmed/',)
[2017-04-13 22:13:15,983] multiqc.modules.salmon.salmon                      [DEBUG  ]  Could not find any Salmon data in ('data/trimmed/',)
[2017-04-13 22:13:16,150] multiqc.modules.kallisto.kallisto                  [DEBUG  ]  Could not find any reports in ('data/trimmed/',)
[2017-04-13 22:13:17,129] multiqc.modules.slamdunk.slamdunk                  [DEBUG  ]  No slamdunk reports found.
[2017-04-13 22:13:17,261] multiqc.modules.star.star                          [DEBUG  ]  Could not find any reports in ('data/trimmed/',)
[2017-04-13 22:13:17,333] multiqc.modules.tophat.tophat                      [DEBUG  ]  Could not find any reports in ('data/trimmed/',)
[2017-04-13 22:13:17,495] multiqc.modules.bowtie2.bowtie2                    [DEBUG  ]  Could not find any reports in ('data/trimmed/',)
[2017-04-13 22:13:17,675] multiqc.modules.bowtie1.bowtie1                    [DEBUG  ]  Could not find any reports in ('data/trimmed/',)
[2017-04-13 22:13:17,846] multiqc.modules.cutadapt.cutadapt                  [DEBUG  ]  Could not find any reports in ('data/trimmed/',)
[2017-04-13 22:13:18,033] multiqc.modules.trimmomatic.trimmomatic            [DEBUG  ]  Could not find any Trimmomatic data in ('data/trimmed/',)
[2017-04-13 22:13:18,201] multiqc.modules.skewer.skewer                      [DEBUG  ]  Could not find any data in ('data/trimmed/',)
[2017-04-13 22:13:18,267] multiqc.modules.fastq_screen.fastq_screen          [DEBUG  ]  Could not find any reports in ('data/trimmed/',)
[2017-04-13 22:13:19,021] multiqc.modules.fastqc.fastqc                      [INFO   ]  Found 240 reports
[2017-04-13 22:13:29,894] multiqc.modules.fastqc.fastqc                      [DEBUG  ]  adapter_content not found in FastQC reports
[2017-04-13 22:13:29,919] multiqc                                            [INFO   ]  Report      : trimmed_report/multiqc_report.html
[2017-04-13 22:13:29,919] multiqc                                            [INFO   ]  Data        : trimmed_report/multiqc_data
[2017-04-13 22:13:29,919] multiqc                                            [DEBUG  ]  Moving data file from '/var/folders/nm/mkh4m6vn2svdfswqyd1mnjn80000gn/T/tmp58gwyttt/multiqc_data/mqc_fastqc_per_base_n_content_plot_1.txt' to 'trimmed_report/multiqc_data'
[2017-04-13 22:13:29,920] multiqc                                            [DEBUG  ]  Moving data file from '/var/folders/nm/mkh4m6vn2svdfswqyd1mnjn80000gn/T/tmp58gwyttt/multiqc_data/mqc_fastqc_per_base_sequence_quality_plot_1.txt' to 'trimmed_report/multiqc_data'
[2017-04-13 22:13:29,920] multiqc                                            [DEBUG  ]  Moving data file from '/var/folders/nm/mkh4m6vn2svdfswqyd1mnjn80000gn/T/tmp58gwyttt/multiqc_data/mqc_fastqc_per_sequence_gc_content_plot_Counts.txt' to 'trimmed_report/multiqc_data'
[2017-04-13 22:13:29,920] multiqc                                            [DEBUG  ]  Moving data file from '/var/folders/nm/mkh4m6vn2svdfswqyd1mnjn80000gn/T/tmp58gwyttt/multiqc_data/mqc_fastqc_per_sequence_gc_content_plot_Percentages.txt' to 'trimmed_report/multiqc_data'
[2017-04-13 22:13:29,920] multiqc                                            [DEBUG  ]  Moving data file from '/var/folders/nm/mkh4m6vn2svdfswqyd1mnjn80000gn/T/tmp58gwyttt/multiqc_data/mqc_fastqc_per_sequence_quality_scores_plot_1.txt' to 'trimmed_report/multiqc_data'
[2017-04-13 22:13:29,921] multiqc                                            [DEBUG  ]  Moving data file from '/var/folders/nm/mkh4m6vn2svdfswqyd1mnjn80000gn/T/tmp58gwyttt/multiqc_data/mqc_fastqc_sequence_duplication_levels_plot_1.txt' to 'trimmed_report/multiqc_data'
[2017-04-13 22:13:29,921] multiqc                                            [DEBUG  ]  Moving data file from '/var/folders/nm/mkh4m6vn2svdfswqyd1mnjn80000gn/T/tmp58gwyttt/multiqc_data/mqc_fastqc_sequence_length_distribution_plot_1.txt' to 'trimmed_report/multiqc_data'
[2017-04-13 22:13:29,921] multiqc                                            [DEBUG  ]  Moving data file from '/var/folders/nm/mkh4m6vn2svdfswqyd1mnjn80000gn/T/tmp58gwyttt/multiqc_data/multiqc_fastqc.txt' to 'trimmed_report/multiqc_data'
[2017-04-13 22:13:29,921] multiqc                                            [DEBUG  ]  Moving data file from '/var/folders/nm/mkh4m6vn2svdfswqyd1mnjn80000gn/T/tmp58gwyttt/multiqc_data/multiqc_general_stats.txt' to 'trimmed_report/multiqc_data'
[2017-04-13 22:13:29,921] multiqc                                            [DEBUG  ]  Moving data file from '/var/folders/nm/mkh4m6vn2svdfswqyd1mnjn80000gn/T/tmp58gwyttt/multiqc_data/multiqc_sources.txt' to 'trimmed_report/multiqc_data'
[2017-04-13 22:13:30,141] multiqc                                            [INFO   ]  MultiQC complete
