[2017-11-09 20:03:19,450] multiqc                                            [DEBUG  ]  No MultiQC config found: /ihome/gway/.conda/envs/pdx-exomeseq/lib/python2.7/site-packages/multiqc-1.0.dev0-py2.7.egg/multiqc_config.yaml
[2017-11-09 20:03:19,450] multiqc                                            [DEBUG  ]  No MultiQC config found: /ihome/gway/.multiqc_config.yaml
[2017-11-09 20:03:19,451] multiqc                                            [DEBUG  ]  No MultiQC config found: multiqc_config.yaml
[2017-11-09 20:03:19,451] multiqc                                            [DEBUG  ]  Command used: /ihome/gway/.conda/envs/pdx-exomeseq/bin/multiqc results/fastqc_trimmed/ --force
[2017-11-09 20:03:19,451] multiqc                                            [DEBUG  ]  Could not connect to multiqc.info for version check
[2017-11-09 20:03:19,451] multiqc                                            [INFO   ]  This is MultiQC v1.0.dev0
[2017-11-09 20:03:19,451] multiqc                                            [DEBUG  ]  Command     : /ihome/gway/.conda/envs/pdx-exomeseq/bin/multiqc results/fastqc_trimmed/ --force
[2017-11-09 20:03:19,451] multiqc                                            [DEBUG  ]  Working dir : /lorax/sanchezlab/shared/pdx_exomeseq
[2017-11-09 20:03:19,451] multiqc                                            [INFO   ]  Template    : default
[2017-11-09 20:03:19,451] multiqc                                            [DEBUG  ]  Running in --force mode, will overwrite any existing reports.
[2017-11-09 20:03:19,451] multiqc                                            [INFO   ]  Searching 'results/fastqc_trimmed/'
[2017-11-09 20:03:19,451] multiqc                                            [DEBUG  ]  Analysing modules: custom_content, peddy, methylQA, qualimap, preseq, quast, rseqc, busco, goleft_indexcov, snpeff, gatk, htseq, bcftools, featureCounts, picard, prokka, samblaster, samtools, bamtools, bismark, hicup, salmon, kallisto, slamdunk, star, tophat, bowtie2, bowtie1, cutadapt, trimmomatic, skewer, fastq_screen, fastqc, clusterflow
[2017-11-09 20:03:19,452] multiqc                                            [DEBUG  ]  Using temporary directory for creating report: /tmp/tmpZztEtG
[2017-11-09 20:03:27,322] multiqc.modules.custom_content.custom_content      [DEBUG  ]  No custom content found
[2017-11-09 20:03:27,533] multiqc.modules.peddy.peddy                        [DEBUG  ]  Could not find any reports in ('results/fastqc_trimmed/',)
[2017-11-09 20:03:27,627] multiqc.modules.methylQA.methylQA                  [DEBUG  ]  Could not find any reports in ('results/fastqc_trimmed/',)
[2017-11-09 20:03:27,723] multiqc.modules.qualimap.QM_BamQC                  [DEBUG  ]  Using default Qualimap thresholds: 1, 5, 10, 30, 50
[2017-11-09 20:03:27,984] multiqc.modules.qualimap.qualimap                  [DEBUG  ]  Could not find any reports in ('results/fastqc_trimmed/',)
[2017-11-09 20:03:56,283] multiqc.modules.preseq.preseq                      [DEBUG  ]  Could not find any preseq data in ('results/fastqc_trimmed/',)
[2017-11-09 20:03:56,371] multiqc.modules.quast.quast                        [DEBUG  ]  Could not find any reports in ('results/fastqc_trimmed/',)
[2017-11-09 20:04:02,140] multiqc.modules.rseqc.rseqc                        [DEBUG  ]  Could not find any reports in ('results/fastqc_trimmed/',)
[2017-11-09 20:04:02,214] multiqc.modules.busco.busco                        [DEBUG  ]  Could not find any reports in ('results/fastqc_trimmed/',)
[2017-11-09 20:04:02,355] multiqc.modules.goleft_indexcov.goleft_indexcov    [DEBUG  ]  Did not find goleft indexcov outputs in ('results/fastqc_trimmed/',)
[2017-11-09 20:04:03,799] multiqc.modules.snpeff.snpeff                      [DEBUG  ]  Could not find any data in ('results/fastqc_trimmed/',)
[2017-11-09 20:04:05,282] multiqc.modules.gatk.gatk                          [DEBUG  ]  Could not find any reports in ('results/fastqc_trimmed/',)
[2017-11-09 20:04:06,821] multiqc.modules.htseq.htseq                        [DEBUG  ]  Could not find any reports in ('results/fastqc_trimmed/',)
[2017-11-09 20:04:08,301] multiqc.modules.bcftools.bcftools                  [DEBUG  ]  Could not find any reports in ('results/fastqc_trimmed/',)
[2017-11-09 20:04:08,421] multiqc.modules.featureCounts.feature_counts       [DEBUG  ]  Could not find any reports in ('results/fastqc_trimmed/',)
[2017-11-09 20:04:20,988] multiqc.modules.picard.picard                      [DEBUG  ]  Could not find any reports in ('results/fastqc_trimmed/',)
[2017-11-09 20:04:21,075] multiqc.modules.prokka.prokka                      [DEBUG  ]  Could not find any Prokka data in ('results/fastqc_trimmed/',)
[2017-11-09 20:04:22,319] multiqc.modules.samblaster.samblaster              [DEBUG  ]  Could not find any data in ('results/fastqc_trimmed/',)
[2017-11-09 20:04:26,299] multiqc.modules.samtools.samtools                  [DEBUG  ]  Could not find any reports in ('results/fastqc_trimmed/',)
[2017-11-09 20:04:27,759] multiqc.modules.bamtools.bamtools                  [DEBUG  ]  Could not find any reports in ('results/fastqc_trimmed/',)
[2017-11-09 20:04:28,045] multiqc.modules.bismark.bismark                    [DEBUG  ]  Could not find any reports in ('results/fastqc_trimmed/',)
[2017-11-09 20:04:28,153] multiqc.modules.hicup.hicup                        [DEBUG  ]  Could not find any HiCUP data in ('results/fastqc_trimmed/',)
[2017-11-09 20:04:28,254] multiqc.modules.salmon.salmon                      [DEBUG  ]  Could not find any Salmon data in ('results/fastqc_trimmed/',)
[2017-11-09 20:04:29,626] multiqc.modules.kallisto.kallisto                  [DEBUG  ]  Could not find any reports in ('results/fastqc_trimmed/',)
[2017-11-09 20:04:37,936] multiqc.modules.slamdunk.slamdunk                  [DEBUG  ]  No slamdunk reports found.
[2017-11-09 20:04:38,063] multiqc.modules.star.star                          [DEBUG  ]  Could not find any reports in ('results/fastqc_trimmed/',)
[2017-11-09 20:04:38,152] multiqc.modules.tophat.tophat                      [DEBUG  ]  Could not find any reports in ('results/fastqc_trimmed/',)
[2017-11-09 20:04:39,546] multiqc.modules.bowtie2.bowtie2                    [DEBUG  ]  Could not find any reports in ('results/fastqc_trimmed/',)
[2017-11-09 20:04:40,939] multiqc.modules.bowtie1.bowtie1                    [DEBUG  ]  Could not find any reports in ('results/fastqc_trimmed/',)
[2017-11-09 20:04:42,352] multiqc.modules.cutadapt.cutadapt                  [DEBUG  ]  Could not find any reports in ('results/fastqc_trimmed/',)
[2017-11-09 20:04:43,772] multiqc.modules.trimmomatic.trimmomatic            [DEBUG  ]  Could not find any Trimmomatic data in ('results/fastqc_trimmed/',)
[2017-11-09 20:04:45,139] multiqc.modules.skewer.skewer                      [DEBUG  ]  Could not find any data in ('results/fastqc_trimmed/',)
[2017-11-09 20:04:45,294] multiqc.modules.fastq_screen.fastq_screen          [DEBUG  ]  Could not find any reports in ('results/fastqc_trimmed/',)
[2017-11-09 20:06:17,645] multiqc.modules.fastqc.fastqc                      [INFO   ]  Found 240 reports
[2017-11-09 20:07:08,365] multiqc.modules.clusterflow.clusterflow            [DEBUG  ]  Could not find any reports in ('results/fastqc_trimmed/',)
[2017-11-09 20:07:08,397] multiqc                                            [WARNING]  Deleting    : multiqc_report.html   (-f was specified)
[2017-11-09 20:07:08,458] multiqc                                            [INFO   ]  Report      : multiqc_report.html
[2017-11-09 20:07:08,465] multiqc                                            [INFO   ]  Data        : multiqc_data
[2017-11-09 20:07:08,465] multiqc                                            [DEBUG  ]  Moving data file from '/tmp/tmpZztEtG/multiqc_data/mqc_fastqc_sequence_length_distribution_plot_1.txt' to '/lorax/sanchezlab/shared/pdx_exomeseq/multiqc_data'
[2017-11-09 20:07:08,505] multiqc                                            [DEBUG  ]  Moving data file from '/tmp/tmpZztEtG/multiqc_data/mqc_fastqc_sequence_duplication_levels_plot_1.txt' to '/lorax/sanchezlab/shared/pdx_exomeseq/multiqc_data'
[2017-11-09 20:07:08,538] multiqc                                            [DEBUG  ]  Moving data file from '/tmp/tmpZztEtG/multiqc_data/multiqc_general_stats.txt' to '/lorax/sanchezlab/shared/pdx_exomeseq/multiqc_data'
[2017-11-09 20:07:08,581] multiqc                                            [DEBUG  ]  Moving data file from '/tmp/tmpZztEtG/multiqc_data/mqc_fastqc_per_base_sequence_quality_plot_1.txt' to '/lorax/sanchezlab/shared/pdx_exomeseq/multiqc_data'
[2017-11-09 20:07:08,641] multiqc                                            [DEBUG  ]  Moving data file from '/tmp/tmpZztEtG/multiqc_data/multiqc_fastqc.txt' to '/lorax/sanchezlab/shared/pdx_exomeseq/multiqc_data'
[2017-11-09 20:07:08,688] multiqc                                            [DEBUG  ]  Moving data file from '/tmp/tmpZztEtG/multiqc_data/mqc_fastqc_per_sequence_quality_scores_plot_1.txt' to '/lorax/sanchezlab/shared/pdx_exomeseq/multiqc_data'
[2017-11-09 20:07:08,733] multiqc                                            [DEBUG  ]  Moving data file from '/tmp/tmpZztEtG/multiqc_data/mqc_fastqc_per_sequence_gc_content_plot_Percentages.txt' to '/lorax/sanchezlab/shared/pdx_exomeseq/multiqc_data'
[2017-11-09 20:07:08,780] multiqc                                            [DEBUG  ]  Moving data file from '/tmp/tmpZztEtG/multiqc_data/mqc_fastqc_per_sequence_gc_content_plot_Counts.txt' to '/lorax/sanchezlab/shared/pdx_exomeseq/multiqc_data'
[2017-11-09 20:07:08,825] multiqc                                            [DEBUG  ]  Moving data file from '/tmp/tmpZztEtG/multiqc_data/multiqc_sources.txt' to '/lorax/sanchezlab/shared/pdx_exomeseq/multiqc_data'
[2017-11-09 20:07:08,868] multiqc                                            [DEBUG  ]  Moving data file from '/tmp/tmpZztEtG/multiqc_data/mqc_fastqc_per_base_n_content_plot_1.txt' to '/lorax/sanchezlab/shared/pdx_exomeseq/multiqc_data'
[2017-11-09 20:07:09,935] multiqc                                            [INFO   ]  MultiQC complete
