[2017-11-09 11:04:03,516] multiqc                                            [DEBUG  ]  No MultiQC config found: /ihome/gway/.conda/envs/pdx-exomeseq/lib/python2.7/site-packages/multiqc-1.0.dev0-py2.7.egg/multiqc_config.yaml
[2017-11-09 11:04:03,516] multiqc                                            [DEBUG  ]  No MultiQC config found: /ihome/gway/.multiqc_config.yaml
[2017-11-09 11:04:03,516] multiqc                                            [DEBUG  ]  No MultiQC config found: multiqc_config.yaml
[2017-11-09 11:04:03,516] multiqc                                            [DEBUG  ]  Command used: /ihome/gway/.conda/envs/pdx-exomeseq/bin/multiqc results/fastqc_raw/ --force
[2017-11-09 11:04:03,516] multiqc                                            [DEBUG  ]  Could not connect to multiqc.info for version check
[2017-11-09 11:04:03,516] multiqc                                            [INFO   ]  This is MultiQC v1.0.dev0
[2017-11-09 11:04:03,516] multiqc                                            [DEBUG  ]  Command     : /ihome/gway/.conda/envs/pdx-exomeseq/bin/multiqc results/fastqc_raw/ --force
[2017-11-09 11:04:03,516] multiqc                                            [DEBUG  ]  Working dir : /lorax/sanchezlab/shared/pdx_exomeseq
[2017-11-09 11:04:03,516] multiqc                                            [INFO   ]  Template    : default
[2017-11-09 11:04:03,517] multiqc                                            [DEBUG  ]  Running in --force mode, will overwrite any existing reports.
[2017-11-09 11:04:03,517] multiqc                                            [INFO   ]  Searching 'results/fastqc_raw/'
[2017-11-09 11:04:03,517] multiqc                                            [DEBUG  ]  Analysing modules: custom_content, peddy, methylQA, qualimap, preseq, quast, rseqc, busco, goleft_indexcov, snpeff, gatk, htseq, bcftools, featureCounts, picard, prokka, samblaster, samtools, bamtools, bismark, hicup, salmon, kallisto, slamdunk, star, tophat, bowtie2, bowtie1, cutadapt, trimmomatic, skewer, fastq_screen, fastqc, clusterflow
[2017-11-09 11:04:03,517] multiqc                                            [DEBUG  ]  Using temporary directory for creating report: /tmp/tmpkJGceq
[2017-11-09 11:04:05,089] multiqc.modules.custom_content.custom_content      [DEBUG  ]  No custom content found
[2017-11-09 11:04:05,265] multiqc.modules.peddy.peddy                        [DEBUG  ]  Could not find any reports in ('results/fastqc_raw/',)
[2017-11-09 11:04:05,312] multiqc.modules.methylQA.methylQA                  [DEBUG  ]  Could not find any reports in ('results/fastqc_raw/',)
[2017-11-09 11:04:05,323] multiqc.modules.qualimap.QM_BamQC                  [DEBUG  ]  Using default Qualimap thresholds: 1, 5, 10, 30, 50
[2017-11-09 11:04:05,573] multiqc.modules.qualimap.qualimap                  [DEBUG  ]  Could not find any reports in ('results/fastqc_raw/',)
[2017-11-09 11:04:37,410] multiqc.modules.preseq.preseq                      [DEBUG  ]  Could not find any preseq data in ('results/fastqc_raw/',)
[2017-11-09 11:04:37,468] multiqc.modules.quast.quast                        [DEBUG  ]  Could not find any reports in ('results/fastqc_raw/',)
[2017-11-09 11:04:43,709] multiqc.modules.rseqc.rseqc                        [DEBUG  ]  Could not find any reports in ('results/fastqc_raw/',)
[2017-11-09 11:04:43,763] multiqc.modules.busco.busco                        [DEBUG  ]  Could not find any reports in ('results/fastqc_raw/',)
[2017-11-09 11:04:43,870] multiqc.modules.goleft_indexcov.goleft_indexcov    [DEBUG  ]  Did not find goleft indexcov outputs in ('results/fastqc_raw/',)
[2017-11-09 11:04:45,374] multiqc.modules.snpeff.snpeff                      [DEBUG  ]  Could not find any data in ('results/fastqc_raw/',)
[2017-11-09 11:04:46,900] multiqc.modules.gatk.gatk                          [DEBUG  ]  Could not find any reports in ('results/fastqc_raw/',)
[2017-11-09 11:04:48,199] multiqc.modules.htseq.htseq                        [DEBUG  ]  Could not find any reports in ('results/fastqc_raw/',)
[2017-11-09 11:04:49,516] multiqc.modules.bcftools.bcftools                  [DEBUG  ]  Could not find any reports in ('results/fastqc_raw/',)
[2017-11-09 11:04:49,593] multiqc.modules.featureCounts.feature_counts       [DEBUG  ]  Could not find any reports in ('results/fastqc_raw/',)
[2017-11-09 11:05:02,631] multiqc.modules.picard.picard                      [DEBUG  ]  Could not find any reports in ('results/fastqc_raw/',)
[2017-11-09 11:05:02,701] multiqc.modules.prokka.prokka                      [DEBUG  ]  Could not find any Prokka data in ('results/fastqc_raw/',)
[2017-11-09 11:05:04,020] multiqc.modules.samblaster.samblaster              [DEBUG  ]  Could not find any data in ('results/fastqc_raw/',)
[2017-11-09 11:05:08,110] multiqc.modules.samtools.samtools                  [DEBUG  ]  Could not find any reports in ('results/fastqc_raw/',)
[2017-11-09 11:05:09,686] multiqc.modules.bamtools.bamtools                  [DEBUG  ]  Could not find any reports in ('results/fastqc_raw/',)
[2017-11-09 11:05:09,914] multiqc.modules.bismark.bismark                    [DEBUG  ]  Could not find any reports in ('results/fastqc_raw/',)
[2017-11-09 11:05:09,975] multiqc.modules.hicup.hicup                        [DEBUG  ]  Could not find any HiCUP data in ('results/fastqc_raw/',)
[2017-11-09 11:05:10,081] multiqc.modules.salmon.salmon                      [DEBUG  ]  Could not find any Salmon data in ('results/fastqc_raw/',)
[2017-11-09 11:05:11,325] multiqc.modules.kallisto.kallisto                  [DEBUG  ]  Could not find any reports in ('results/fastqc_raw/',)
[2017-11-09 11:05:21,466] multiqc.modules.slamdunk.slamdunk                  [DEBUG  ]  No slamdunk reports found.
[2017-11-09 11:05:21,568] multiqc.modules.star.star                          [DEBUG  ]  Could not find any reports in ('results/fastqc_raw/',)
[2017-11-09 11:05:21,628] multiqc.modules.tophat.tophat                      [DEBUG  ]  Could not find any reports in ('results/fastqc_raw/',)
[2017-11-09 11:05:22,896] multiqc.modules.bowtie2.bowtie2                    [DEBUG  ]  Could not find any reports in ('results/fastqc_raw/',)
[2017-11-09 11:05:24,195] multiqc.modules.bowtie1.bowtie1                    [DEBUG  ]  Could not find any reports in ('results/fastqc_raw/',)
[2017-11-09 11:05:25,692] multiqc.modules.cutadapt.cutadapt                  [DEBUG  ]  Could not find any reports in ('results/fastqc_raw/',)
[2017-11-09 11:05:27,041] multiqc.modules.trimmomatic.trimmomatic            [DEBUG  ]  Could not find any Trimmomatic data in ('results/fastqc_raw/',)
[2017-11-09 11:05:28,417] multiqc.modules.skewer.skewer                      [DEBUG  ]  Could not find any data in ('results/fastqc_raw/',)
[2017-11-09 11:05:28,477] multiqc.modules.fastq_screen.fastq_screen          [DEBUG  ]  Could not find any reports in ('results/fastqc_raw/',)
[2017-11-09 11:07:00,228] multiqc.modules.fastqc.fastqc                      [INFO   ]  Found 240 reports
[2017-11-09 11:07:51,992] multiqc.modules.clusterflow.clusterflow            [DEBUG  ]  Could not find any reports in ('results/fastqc_raw/',)
[2017-11-09 11:07:52,023] multiqc                                            [WARNING]  Deleting    : multiqc_report.html   (-f was specified)
[2017-11-09 11:07:52,267] multiqc                                            [INFO   ]  Report      : multiqc_report.html
[2017-11-09 11:07:52,284] multiqc                                            [INFO   ]  Data        : multiqc_data
[2017-11-09 11:07:52,284] multiqc                                            [DEBUG  ]  Moving data file from '/tmp/tmpkJGceq/multiqc_data/mqc_fastqc_sequence_length_distribution_plot_1.txt' to '/lorax/sanchezlab/shared/pdx_exomeseq/multiqc_data'
[2017-11-09 11:07:52,321] multiqc                                            [DEBUG  ]  Moving data file from '/tmp/tmpkJGceq/multiqc_data/mqc_fastqc_sequence_duplication_levels_plot_1.txt' to '/lorax/sanchezlab/shared/pdx_exomeseq/multiqc_data'
[2017-11-09 11:07:52,357] multiqc                                            [DEBUG  ]  Moving data file from '/tmp/tmpkJGceq/multiqc_data/multiqc_general_stats.txt' to '/lorax/sanchezlab/shared/pdx_exomeseq/multiqc_data'
[2017-11-09 11:07:52,401] multiqc                                            [DEBUG  ]  Moving data file from '/tmp/tmpkJGceq/multiqc_data/mqc_fastqc_per_base_sequence_quality_plot_1.txt' to '/lorax/sanchezlab/shared/pdx_exomeseq/multiqc_data'
[2017-11-09 11:07:52,442] multiqc                                            [DEBUG  ]  Moving data file from '/tmp/tmpkJGceq/multiqc_data/multiqc_fastqc.txt' to '/lorax/sanchezlab/shared/pdx_exomeseq/multiqc_data'
[2017-11-09 11:07:52,473] multiqc                                            [DEBUG  ]  Moving data file from '/tmp/tmpkJGceq/multiqc_data/mqc_fastqc_per_sequence_quality_scores_plot_1.txt' to '/lorax/sanchezlab/shared/pdx_exomeseq/multiqc_data'
[2017-11-09 11:07:52,512] multiqc                                            [DEBUG  ]  Moving data file from '/tmp/tmpkJGceq/multiqc_data/mqc_fastqc_per_sequence_gc_content_plot_Percentages.txt' to '/lorax/sanchezlab/shared/pdx_exomeseq/multiqc_data'
[2017-11-09 11:07:52,553] multiqc                                            [DEBUG  ]  Moving data file from '/tmp/tmpkJGceq/multiqc_data/mqc_fastqc_per_sequence_gc_content_plot_Counts.txt' to '/lorax/sanchezlab/shared/pdx_exomeseq/multiqc_data'
[2017-11-09 11:07:52,602] multiqc                                            [DEBUG  ]  Moving data file from '/tmp/tmpkJGceq/multiqc_data/multiqc_sources.txt' to '/lorax/sanchezlab/shared/pdx_exomeseq/multiqc_data'
[2017-11-09 11:07:52,633] multiqc                                            [DEBUG  ]  Moving data file from '/tmp/tmpkJGceq/multiqc_data/mqc_fastqc_per_base_n_content_plot_1.txt' to '/lorax/sanchezlab/shared/pdx_exomeseq/multiqc_data'
[2017-11-09 11:07:53,028] multiqc                                            [INFO   ]  MultiQC complete
